2023-02-19 00:32:40,925 - root - INFO - Main - acquire a child logger and then log messages in the child
2023-02-19 00:32:40,925 - PublisherAppln - DEBUG - Main: parse command line arguments
2023-02-19 00:32:40,931 - PublisherAppln - DEBUG - Main: resetting log level to 20
2023-02-19 00:32:40,931 - PublisherAppln - INFO - PublisherAppln::configure
2023-02-19 00:32:40,931 - PublisherAppln - INFO - PublisherMW::configure
2023-02-19 00:32:40,933 - PublisherAppln - INFO - PublisherMW::configure completed
2023-02-19 00:32:40,933 - PublisherAppln - INFO - PublisherAppln::configure - configuration complete
2023-02-19 00:32:40,933 - PublisherAppln - INFO - PublisherAppln::driver
2023-02-19 00:32:40,933 - PublisherAppln - INFO - **********************************
2023-02-19 00:32:40,933 - PublisherAppln - INFO - PublisherAppln::dump
2023-02-19 00:32:40,933 - PublisherAppln - INFO - ------------------------------
2023-02-19 00:32:40,933 - PublisherAppln - INFO -      Name: pub1
2023-02-19 00:32:40,933 - PublisherAppln - INFO -      Lookup: Centralized
2023-02-19 00:32:40,933 - PublisherAppln - INFO -      Dissemination: Broker
2023-02-19 00:32:40,933 - PublisherAppln - INFO -      Num Topics: 9
2023-02-19 00:32:40,933 - PublisherAppln - INFO -      TopicList: ['location', 'temperature', 'weather', 'airquality', 'light', 'sound', 'pressure', 'humidity', 'altitude']
2023-02-19 00:32:40,933 - PublisherAppln - INFO -      Iterations: 1000
2023-02-19 00:32:40,933 - PublisherAppln - INFO -      Frequency: 1
2023-02-19 00:32:40,933 - PublisherAppln - INFO - **********************************
2023-02-19 00:32:40,934 - PublisherAppln - INFO - PublisherMW::event_loop - run the event loop
2023-02-19 00:32:40,934 - PublisherAppln - INFO - PublisherAppln::invoke_operation
2023-02-19 00:32:40,934 - PublisherAppln - INFO - PublisherMW::register
2023-02-19 00:32:40,934 - PublisherAppln - INFO - PublisherMW::register - sent register message and now now wait for reply
2023-02-19 00:32:40,935 - PublisherAppln - INFO - PublisherMW::handle_reply
2023-02-19 00:32:40,935 - PublisherAppln - INFO - PublisherAppln::register_response
2023-02-19 00:32:40,935 - PublisherAppln - INFO - PublisherAppln::invoke_operation
2023-02-19 00:32:40,935 - PublisherAppln - INFO - PublisherMW::is_ready
2023-02-19 00:32:40,935 - PublisherAppln - INFO - PublisherMW::is_ready - request sent and now wait for reply
2023-02-19 00:32:40,936 - PublisherAppln - INFO - PublisherMW::handle_reply
2023-02-19 00:32:40,936 - PublisherAppln - INFO - PublisherAppln::isready_response
2023-02-19 00:32:50,940 - PublisherAppln - INFO - PublisherAppln::invoke_operation
2023-02-19 00:32:50,940 - PublisherAppln - INFO - PublisherMW::is_ready
2023-02-19 00:32:50,940 - PublisherAppln - INFO - PublisherMW::is_ready - request sent and now wait for reply
2023-02-19 00:32:50,941 - PublisherAppln - INFO - PublisherMW::handle_reply
2023-02-19 00:32:50,941 - PublisherAppln - INFO - PublisherAppln::isready_response
2023-02-19 00:32:50,941 - PublisherAppln - INFO - PublisherAppln::invoke_operation
