2023-04-30 21:46:45,361 - root - INFO - Main - acquire a child logger and then log messages in the child
2023-04-30 21:46:45,381 - SubscriberAppln - DEBUG - Main: parse command line arguments
2023-04-30 21:46:45,470 - SubscriberAppln - DEBUG - Main: resetting log level to 10
2023-04-30 21:46:45,518 - SubscriberAppln - DEBUG - Main: effective log level is 10
2023-04-30 21:46:45,529 - SubscriberAppln - DEBUG - Main: obtain the subscriber appln object
2023-04-30 21:46:45,543 - SubscriberAppln - DEBUG - Main: configure the subscriber appln object
2023-04-30 21:46:45,566 - SubscriberAppln - INFO - SubscriberAppln::configure
2023-04-30 21:46:45,575 - SubscriberAppln - DEBUG - SubscriberAppln::configure - parsing config.ini
2023-04-30 21:46:45,589 - SubscriberAppln - DEBUG - SubscriberAppln::configure - selecting our topic list
2023-04-30 21:46:45,593 - SubscriberAppln - DEBUG - SubscriberAppln::configure - initialize the middleware object
2023-04-30 21:46:45,594 - SubscriberAppln - INFO - SubscriberMW::configure
2023-04-30 21:46:45,595 - SubscriberAppln - DEBUG - SubscriberMW::configure - obtain ZMQ context
2023-04-30 21:46:45,598 - SubscriberAppln - DEBUG - SubscriberMW::configure - obtain the poller
2023-04-30 21:46:45,625 - SubscriberAppln - DEBUG - SubscriberMW::configure - obtain REQ and PUB sockets
2023-04-30 21:46:45,712 - SubscriberAppln - DEBUG - SubscriberMW::configure - register the REQ socket for incoming replies
2023-04-30 21:46:45,714 - SubscriberAppln - DEBUG - SubscriberMW::configure - connect to Discovery service
2023-04-30 21:46:45,728 - SubscriberAppln - DEBUG - SubscriberMW::configure - connect to the discovery service, connect_str = tcp://10.0.0.4:5555
2023-04-30 21:46:45,731 - SubscriberAppln - DEBUG - SubscriberMW::configure - bind to the pub socket
2023-04-30 21:46:45,739 - SubscriberAppln - INFO - SubscriberMW::configure completed
2023-04-30 21:46:45,739 - SubscriberAppln - INFO - SubscriberAppln::configure - configuration complete
2023-04-30 21:46:45,740 - SubscriberAppln - DEBUG - Main: invoke the subscriber appln driver
2023-04-30 21:46:45,745 - SubscriberAppln - INFO - SubscriberAppln::driver
2023-04-30 21:46:45,749 - SubscriberAppln - INFO - **********************************
2023-04-30 21:46:45,753 - SubscriberAppln - INFO - SubscriberAppln::dump
2023-04-30 21:46:45,754 - SubscriberAppln - INFO - ------------------------------
2023-04-30 21:46:45,758 - SubscriberAppln - INFO -      Name: sub1
2023-04-30 21:46:45,763 - SubscriberAppln - INFO -      Lookup: DHT
2023-04-30 21:46:45,767 - SubscriberAppln - INFO -      Dissemination: Broker
2023-04-30 21:46:45,776 - SubscriberAppln - INFO -      Num Topics: 9
2023-04-30 21:46:45,777 - SubscriberAppln - INFO -      TopicList: ['altitude', 'sound', 'weather', 'humidity', 'airquality', 'temperature', 'pressure', 'light', 'location']
2023-04-30 21:46:45,778 - SubscriberAppln - INFO - **********************************
2023-04-30 21:46:45,781 - SubscriberAppln - DEBUG - SubscriberAppln::driver - upcall handle
2023-04-30 21:46:45,787 - SubscriberAppln - INFO - SublisherMW::event_loop - run the event loop
2023-04-30 21:46:45,789 - SubscriberAppln - INFO - SubscriberAppln::invoke_operation
2023-04-30 21:46:45,793 - SubscriberAppln - DEBUG - SubscriberAppln::invoke_operation - register with the discovery service ['altitude', 'sound', 'weather', 'humidity', 'airquality', 'temperature', 'pressure', 'light', 'location']
2023-04-30 21:46:45,800 - SubscriberAppln - INFO - SubscriberMW::register
2023-04-30 21:46:45,806 - SubscriberAppln - DEBUG - SubscriberMW::register - populate the Registrant Info
2023-04-30 21:46:45,807 - SubscriberAppln - DEBUG - PublisherMW::register - done populating the Registrant Info
2023-04-30 21:46:45,809 - SubscriberAppln - DEBUG - SubscriberMW::register - populate the nested register req
2023-04-30 21:46:45,814 - SubscriberAppln - DEBUG - SubscriberMW::register - done populating nested RegisterReq
2023-04-30 21:46:45,817 - SubscriberAppln - DEBUG - SubscriberMW::register - build the outer DiscoveryReq message
2023-04-30 21:46:45,820 - SubscriberAppln - DEBUG - SubscriberMW::register - done building the outer message
2023-04-30 21:46:45,825 - SubscriberAppln - DEBUG - Stringified serialized buf = b'\x08\x01\x12p\x08\x02\x12\x14\n\x04sub1\x12\tlocalhost\x18\xd4+\x1a\x08altitude\x1a\x05sound\x1a\x07weather\x1a\x08humidity\x1a\nairquality\x1a\x0btemperature\x1a\x08pressure\x1a\x05light\x1a\x08location2\x121682909205.8205113'
2023-04-30 21:46:45,828 - SubscriberAppln - DEBUG - SubscriberMW::register - send stringified buffer to Discovery service
2023-04-30 21:46:45,831 - SubscriberAppln - INFO - SubscriberMW::register - sent register message and now now wait for reply
2023-04-30 21:46:47,573 - SubscriberAppln - INFO - SubscriberMW::handle_reply
2023-04-30 21:46:47,573 - SubscriberAppln - INFO - SubcriberAppln::register_response
2023-04-30 21:46:47,573 - SubscriberAppln - DEBUG - PublisherAppln::register_response - registration is a success
2023-04-30 21:46:47,574 - SubscriberAppln - INFO - SubscriberAppln::invoke_operation
2023-04-30 21:46:47,574 - SubscriberAppln - DEBUG - SubscriberAppln::invoke_operation - check if we are ready to go
2023-04-30 21:46:47,574 - SubscriberAppln - INFO - SubscriberMW::is_ready
2023-04-30 21:46:47,574 - SubscriberAppln - DEBUG - SubscriberMW::is_ready - populate the nested IsReady msg
2023-04-30 21:46:47,574 - SubscriberAppln - DEBUG - SubscriberMW::is_ready - done populating nested IsReady msg
2023-04-30 21:46:47,574 - SubscriberAppln - DEBUG - SubscriberMW::is_ready - build the outer DiscoveryReq message
2023-04-30 21:46:47,575 - SubscriberAppln - DEBUG - SubscriberMW::is_ready - done building the outer message
2023-04-30 21:46:47,575 - SubscriberAppln - DEBUG - Stringified serialized buf = b'\x08\x02\x1a\x002\x121682909207.5741026'
2023-04-30 21:46:47,575 - SubscriberAppln - DEBUG - SubscriberMW::is_ready - send stringified buffer to Discovery service
2023-04-30 21:46:47,575 - SubscriberAppln - INFO - SubscriberMW::is_ready - request sent and now wait for reply
2023-04-30 21:46:47,730 - SubscriberAppln - INFO - SubscriberMW::handle_reply
2023-04-30 21:46:47,731 - SubscriberAppln - INFO - SubscriberMW::handle_reply - isready - response = 
2023-04-30 21:46:47,731 - SubscriberAppln - INFO - SubscriberAppln::isready_response
2023-04-30 21:46:47,731 - SubscriberAppln - DEBUG - SubscriberAppln::driver - Not ready yet; check again
2023-04-30 21:46:47,731 - SubscriberAppln - INFO - SubscriberAppln::invoke_operation
2023-04-30 21:46:47,731 - SubscriberAppln - DEBUG - SubscriberAppln::invoke_operation - check if we are ready to go
2023-04-30 21:46:47,732 - SubscriberAppln - INFO - SubscriberMW::is_ready
2023-04-30 21:46:47,732 - SubscriberAppln - DEBUG - SubscriberMW::is_ready - populate the nested IsReady msg
2023-04-30 21:46:47,732 - SubscriberAppln - DEBUG - SubscriberMW::is_ready - done populating nested IsReady msg
2023-04-30 21:46:47,732 - SubscriberAppln - DEBUG - SubscriberMW::is_ready - build the outer DiscoveryReq message
2023-04-30 21:46:47,732 - SubscriberAppln - DEBUG - SubscriberMW::is_ready - done building the outer message
2023-04-30 21:46:47,733 - SubscriberAppln - DEBUG - Stringified serialized buf = b'\x08\x02\x1a\x002\x121682909207.5741026'
2023-04-30 21:46:47,733 - SubscriberAppln - DEBUG - SubscriberMW::is_ready - send stringified buffer to Discovery service
2023-04-30 21:46:47,733 - SubscriberAppln - INFO - SubscriberMW::is_ready - request sent and now wait for reply
2023-04-30 21:46:47,893 - SubscriberAppln - INFO - SubscriberMW::handle_reply
2023-04-30 21:46:47,893 - SubscriberAppln - INFO - SubscriberMW::handle_reply - isready - response = 
2023-04-30 21:46:47,894 - SubscriberAppln - INFO - SubscriberAppln::isready_response
2023-04-30 21:46:47,894 - SubscriberAppln - DEBUG - SubscriberAppln::driver - Not ready yet; check again
2023-04-30 21:46:47,895 - SubscriberAppln - INFO - SubscriberAppln::invoke_operation
2023-04-30 21:46:47,896 - SubscriberAppln - DEBUG - SubscriberAppln::invoke_operation - check if we are ready to go
2023-04-30 21:46:47,896 - SubscriberAppln - INFO - SubscriberMW::is_ready
2023-04-30 21:46:47,898 - SubscriberAppln - DEBUG - SubscriberMW::is_ready - populate the nested IsReady msg
2023-04-30 21:46:47,899 - SubscriberAppln - DEBUG - SubscriberMW::is_ready - done populating nested IsReady msg
2023-04-30 21:46:47,900 - SubscriberAppln - DEBUG - SubscriberMW::is_ready - build the outer DiscoveryReq message
2023-04-30 21:46:47,902 - SubscriberAppln - DEBUG - SubscriberMW::is_ready - done building the outer message
2023-04-30 21:46:47,905 - SubscriberAppln - DEBUG - Stringified serialized buf = b'\x08\x02\x1a\x002\x121682909207.5741026'
2023-04-30 21:46:47,905 - SubscriberAppln - DEBUG - SubscriberMW::is_ready - send stringified buffer to Discovery service
2023-04-30 21:46:47,906 - SubscriberAppln - INFO - SubscriberMW::is_ready - request sent and now wait for reply
2023-04-30 21:46:48,033 - SubscriberAppln - INFO - SubscriberMW::handle_reply
2023-04-30 21:46:48,033 - SubscriberAppln - INFO - SubscriberMW::handle_reply - isready - response = status: true

2023-04-30 21:46:48,034 - SubscriberAppln - INFO - SubscriberAppln::isready_response
2023-04-30 21:46:48,034 - SubscriberAppln - INFO - SubscriberAppln::invoke_operation
2023-04-30 21:46:48,034 - SubscriberAppln - DEBUG - SubscriberAppln::invoke_operation - start looking up
2023-04-30 21:46:48,034 - SubscriberAppln - INFO - SubscriberMW::lookup
2023-04-30 21:46:48,035 - SubscriberAppln - DEBUG - SubscriberMW::lookup - built the message
2023-04-30 21:46:48,035 - SubscriberAppln - DEBUG - Stringified serialized buf = b'\x08\x03"X\n\x08altitude\n\x05sound\n\x07weather\n\x08humidity\n\nairquality\n\x0btemperature\n\x08pressure\n\x05light\n\x08location2\x121682909208.0353575'
2023-04-30 21:46:48,035 - SubscriberAppln - INFO - SubscriberMW::lookup - sent lookup message and now now wait for reply
2023-04-30 21:46:48,095 - SubscriberAppln - INFO - SubscriberMW::handle_reply
2023-04-30 21:46:48,095 - SubscriberAppln - INFO - SubscriberMW::handle_reply - lookup - response = publist: "localhost:5599"
, topiclist: ['altitude', 'sound', 'weather', 'humidity', 'airquality', 'temperature', 'pressure', 'light', 'location']
2023-04-30 21:46:48,095 - SubscriberAppln - INFO - SubscriberMW::handle_reply - lookup - subscribing to topic = altitude
2023-04-30 21:46:48,096 - SubscriberAppln - INFO - SubscriberMW::handle_reply - lookup - subscribing to topic = sound
2023-04-30 21:46:48,096 - SubscriberAppln - INFO - SubscriberMW::handle_reply - lookup - subscribing to topic = weather
2023-04-30 21:46:48,096 - SubscriberAppln - INFO - SubscriberMW::handle_reply - lookup - subscribing to topic = humidity
2023-04-30 21:46:48,096 - SubscriberAppln - INFO - SubscriberMW::handle_reply - lookup - subscribing to topic = airquality
2023-04-30 21:46:48,096 - SubscriberAppln - INFO - SubscriberMW::handle_reply - lookup - subscribing to topic = temperature
2023-04-30 21:46:48,097 - SubscriberAppln - INFO - SubscriberMW::handle_reply - lookup - subscribing to topic = pressure
2023-04-30 21:46:48,097 - SubscriberAppln - INFO - SubscriberMW::handle_reply - lookup - subscribing to topic = light
2023-04-30 21:46:48,097 - SubscriberAppln - INFO - SubscriberMW::handle_reply - lookup - subscribing to topic = location
2023-04-30 21:46:48,097 - SubscriberAppln - INFO - SubscriberMW::handle_reply - lookup after topiclist subscription - publist = ['localhost:5599'], type=<class 'google._upb._message.RepeatedScalarContainer'>
2023-04-30 21:46:48,098 - SubscriberAppln - INFO - SubscriberMW::handle_reply - registrant_info 
2023-04-30 21:46:48,098 - SubscriberAppln - INFO - SubscriberAppln::islookup_response
2023-04-30 21:46:48,098 - SubscriberAppln - INFO - **********************************
2023-04-30 21:46:48,098 - SubscriberAppln - INFO - SubscriberAppln::dump_stats
2023-04-30 21:46:48,099 - SubscriberAppln - INFO - ------------------------------
2023-04-30 21:46:48,099 - SubscriberAppln - INFO -      Name: sub1
2023-04-30 21:46:48,099 - SubscriberAppln - INFO -      Lookup: DHT
2023-04-30 21:46:48,100 - SubscriberAppln - INFO -      ('register', 'sub1', 'DHT', 2, 2, 1.7535970211029053)
2023-04-30 21:46:48,100 - SubscriberAppln - INFO -      ('isready', 'sub1', 'DHT', 2, 2, 0.46026611328125)
2023-04-30 21:46:48,100 - SubscriberAppln - INFO -      ('lookup', 'sub1', 'DHT', 2, 2, 0.06323504447937012)
2023-04-30 21:46:48,100 - SubscriberAppln - INFO - **********************************
